<?xml version="1.0" encoding="UTF-8"?>
<!-- Generated by org.testng.reporters.JUnitReportReporter -->
<testsuite hostname="user-PC" name="Framwork.SeleniumFramework.DemoTest" tests="2" failures="0" timestamp="14 Jan 2022 15:56:41 GMT" time="47.937" errors="0">
  <testcase name="flighttest" time="42.350" classname="Framwork.SeleniumFramework.DemoTest"/>
  <testcase name="flighttest" time="5.587" classname="Framwork.SeleniumFramework.DemoTest"/>
</testsuite> <!-- Framwork.SeleniumFramework.DemoTest -->
